#
# There is insufficient memory for the Java Runtime Environment to continue.
# Native memory allocation (malloc) failed to allocate 1219616 bytes for Chunk::new
# Possible reasons:
#   The system is out of physical RAM or swap space
#   The process is running with CompressedOops enabled, and the Java Heap may be blocking the growth of the native heap
# Possible solutions:
#   Reduce memory load on the system
#   Increase physical memory or swap space
#   Check if swap backing store is full
#   Decrease Java heap size (-Xmx/-Xms)
#   Decrease number of Java threads
#   Decrease Java thread stack sizes (-Xss)
#   Set larger code cache with -XX:ReservedCodeCacheSize=
#   JVM is running with Zero Based Compressed Oops mode in which the Java heap is
#     placed in the first 32GB address space. The Java Heap base address is the
#     maximum limit for the native heap growth. Please use -XX:HeapBaseMinAddress
#     to set the Java Heap base and to place the Java Heap above 32GB virtual address.
# This output file may be truncated or incomplete.
#
#  Out of Memory Error (./open/src/hotspot/share/memory/arena.cpp:197), pid=34040, tid=20196
#
# JRE version: Java(TM) SE Runtime Environment 18.9 (11.0.15.1+2) (build 11.0.15.1+2-LTS-10)
# Java VM: Java HotSpot(TM) 64-Bit Server VM 18.9 (11.0.15.1+2-LTS-10, mixed mode, tiered, compressed oops, g1 gc, windows-amd64)
# No core dump will be written. Minidumps are not enabled by default on client versions of Windows
#

---------------  S U M M A R Y ------------

Command Line: -javaagent:C:\Program Files\JetBrains\IntelliJ IDEA Community Edition 2022.1.2\lib\idea_rt.jar=56824:C:\Program Files\JetBrains\IntelliJ IDEA Community Edition 2022.1.2\bin -Dfile.encoding=UTF-8 hello.upload.UploadApplication

Host: 11th Gen Intel(R) Core(TM) i5-11400F @ 2.60GHz, 12 cores, 15G,  Windows 10 , 64 bit Build 21996 (10.0.21996.1)
Time: Sun Sep 18 23:45:41 2022 Korea Standard Time elapsed time: 1.260328 seconds (0d 0h 0m 1s)

---------------  T H R E A D  ---------------

Current thread (0x000001be3e44f800):  JavaThread "C2 CompilerThread0" daemon [_thread_in_native, id=20196, stack(0x000000a0c7500000,0x000000a0c7600000)]


Current CompileTask:
C2:   1260 2593   !   4       jdk.internal.loader.BuiltinClassLoader::loadClassOrNull (143 bytes)

Stack: [0x000000a0c7500000,0x000000a0c7600000]
Native frames: (J=compiled Java code, j=interpreted, Vv=VM code, C=native code)
V  [jvm.dll+0x629d8a]
V  [jvm.dll+0x7638ff]
V  [jvm.dll+0x764fa9]
V  [jvm.dll+0x765633]
V  [jvm.dll+0x23d9c8]
V  [jvm.dll+0xb2a1c]
V  [jvm.dll+0xb2fdc]
V  [jvm.dll+0x2ae744]
V  [jvm.dll+0x53d4c6]
V  [jvm.dll+0x20089d]
V  [jvm.dll+0x1fa64a]
V  [jvm.dll+0x1f762d]
V  [jvm.dll+0x177c51]
V  [jvm.dll+0x207026]
V  [jvm.dll+0x2051bb]
V  [jvm.dll+0x729820]
V  [jvm.dll+0x7223f4]
V  [jvm.dll+0x628c26]
C  [ucrtbase.dll+0x26c0c]
C  [KERNEL32.DLL+0x154e0]
C  [ntdll.dll+0x485b]


---------------  P R O C E S S  ---------------

Threads class SMR info:
_java_thread_list=0x000001be3eb3d2f0, length=13, elements={
0x000001be1ab12800, 0x000001be3db3b800, 0x000001be3db45800, 0x000001be3db54000,
0x000001be3db55000, 0x000001be3db56800, 0x000001be3e44f800, 0x000001be3e454800,
0x000001be3db58000, 0x000001be3e5b6800, 0x000001be3e60f800, 0x000001be3e98c000,
0x000001be3f943800
}

Java Threads: ( => current thread )
  0x000001be1ab12800 JavaThread "main" [_thread_in_vm, id=31992, stack(0x000000a0c6900000,0x000000a0c6a00000)]
  0x000001be3db3b800 JavaThread "Reference Handler" daemon [_thread_blocked, id=29320, stack(0x000000a0c7000000,0x000000a0c7100000)]
  0x000001be3db45800 JavaThread "Finalizer" daemon [_thread_blocked, id=36180, stack(0x000000a0c7100000,0x000000a0c7200000)]
  0x000001be3db54000 JavaThread "Signal Dispatcher" daemon [_thread_blocked, id=34488, stack(0x000000a0c7200000,0x000000a0c7300000)]
  0x000001be3db55000 JavaThread "Attach Listener" daemon [_thread_blocked, id=44028, stack(0x000000a0c7300000,0x000000a0c7400000)]
  0x000001be3db56800 JavaThread "Service Thread" daemon [_thread_blocked, id=29316, stack(0x000000a0c7400000,0x000000a0c7500000)]
=>0x000001be3e44f800 JavaThread "C2 CompilerThread0" daemon [_thread_in_native, id=20196, stack(0x000000a0c7500000,0x000000a0c7600000)]
  0x000001be3e454800 JavaThread "C1 CompilerThread0" daemon [_thread_blocked, id=13368, stack(0x000000a0c7600000,0x000000a0c7700000)]
  0x000001be3db58000 JavaThread "Sweeper thread" daemon [_thread_blocked, id=41244, stack(0x000000a0c7700000,0x000000a0c7800000)]
  0x000001be3e5b6800 JavaThread "Common-Cleaner" daemon [_thread_blocked, id=42376, stack(0x000000a0c7800000,0x000000a0c7900000)]
  0x000001be3e60f800 JavaThread "C2 CompilerThread1" daemon [_thread_in_native, id=28876, stack(0x000000a0c7900000,0x000000a0c7a00000)]
  0x000001be3e98c000 JavaThread "Monitor Ctrl-Break" daemon [_thread_in_native, id=11648, stack(0x000000a0c7a00000,0x000000a0c7b00000)]
  0x000001be3f943800 JavaThread "C2 CompilerThread2" daemon [_thread_in_native, id=22716, stack(0x000000a0c8100000,0x000000a0c8200000)]

Other Threads:
  0x000001be3db39800 VMThread "VM Thread" [stack: 0x000000a0c6f00000,0x000000a0c7000000] [id=8892]
  0x000001be3e990800 WatcherThread [stack: 0x000000a0c7b00000,0x000000a0c7c00000] [id=36504]
  0x000001be1ab26800 GCTaskThread "GC Thread#0" [stack: 0x000000a0c6a00000,0x000000a0c6b00000] [id=40808]
  0x000001be3f0c9800 GCTaskThread "GC Thread#1" [stack: 0x000000a0c7c00000,0x000000a0c7d00000] [id=2684]
  0x000001be3ec22800 GCTaskThread "GC Thread#2" [stack: 0x000000a0c7d00000,0x000000a0c7e00000] [id=30024]
  0x000001be3f130800 GCTaskThread "GC Thread#3" [stack: 0x000000a0c7e00000,0x000000a0c7f00000] [id=26928]
  0x000001be3f131000 GCTaskThread "GC Thread#4" [stack: 0x000000a0c7f00000,0x000000a0c8000000] [id=43588]
  0x000001be3f0d0000 GCTaskThread "GC Thread#5" [stack: 0x000000a0c8000000,0x000000a0c8100000] [id=32180]
  0x000001be1ab84800 ConcurrentGCThread "G1 Main Marker" [stack: 0x000000a0c6b00000,0x000000a0c6c00000] [id=37544]
  0x000001be1ab87000 ConcurrentGCThread "G1 Conc#0" [stack: 0x000000a0c6c00000,0x000000a0c6d00000] [id=41636]
  0x000001be3fc64800 ConcurrentGCThread "G1 Conc#1" [stack: 0x000000a0c8200000,0x000000a0c8300000] [id=30996]
  0x000001be40efc800 ConcurrentGCThread "G1 Conc#2" [stack: 0x000000a0c8300000,0x000000a0c8400000] [id=42236]
  0x000001be3da24000 ConcurrentGCThread "G1 Refine#0" [stack: 0x000000a0c6d00000,0x000000a0c6e00000] [id=24908]
  0x000001be3da25000 ConcurrentGCThread "G1 Young RemSet Sampling" [stack: 0x000000a0c6e00000,0x000000a0c6f00000] [id=29540]

Threads with active compile tasks:
C2 CompilerThread0   1275 2593   !   4       jdk.internal.loader.BuiltinClassLoader::loadClassOrNull (143 bytes)
C2 CompilerThread1   1275 2637       4       java.util.Collections$SetFromMap::contains (11 bytes)
C2 CompilerThread2   1275 2628       4       org.springframework.beans.factory.support.AbstractBeanFactory::isTypeMatch (607 bytes)

VM state:not at safepoint (normal execution)

VM Mutex/Monitor currently owned by a thread: None

Heap address: 0x0000000702800000, size: 4056 MB, Compressed Oops mode: Zero based, Oop shift amount: 3
Narrow klass base: 0x0000000800000000, Narrow klass shift: 0
Compressed class space size: 1073741824 Address: 0x0000000800000000

Heap:
 garbage-first heap   total 260096K, used 24061K [0x0000000702800000, 0x0000000800000000)
  region size 1024K, 21 young (21504K), 4 survivors (4096K)
 Metaspace       used 27743K, capacity 28428K, committed 28672K, reserved 1075200K
  class space    used 3180K, capacity 3469K, committed 3584K, reserved 1048576K
Heap Regions: E=young(eden), S=young(survivor), O=old, HS=humongous(starts), HC=humongous(continues), CS=collection set, F=free, A=archive, TAMS=top-at-mark-start (previous, next)
|   0|0x0000000702800000, 0x0000000702900000, 0x0000000702900000|100%| O|  |TAMS 0x0000000702900000, 0x0000000702800000| Untracked 
|   1|0x0000000702900000, 0x0000000702a00000, 0x0000000702a00000|100%| O|  |TAMS 0x000000070297ba00, 0x0000000702900000| Untracked 
|   2|0x0000000702a00000, 0x0000000702b00000, 0x0000000702b00000|100%| O|  |TAMS 0x0000000702a00000, 0x0000000702a00000| Untracked 
|   3|0x0000000702b00000, 0x0000000702c00000, 0x0000000702c00000|100%| O|  |TAMS 0x0000000702b00000, 0x0000000702b00000| Untracked 
|   4|0x0000000702c00000, 0x0000000702c4f400, 0x0000000702d00000| 30%| O|  |TAMS 0x0000000702c00000, 0x0000000702c00000| Untracked 
|   5|0x0000000702d00000, 0x0000000702d00000, 0x0000000702e00000|  0%| F|  |TAMS 0x0000000702d00000, 0x0000000702d00000| Untracked 
|   6|0x0000000702e00000, 0x0000000702e00000, 0x0000000702f00000|  0%| F|  |TAMS 0x0000000702e00000, 0x0000000702e00000| Untracked 
|   7|0x0000000702f00000, 0x0000000702f00000, 0x0000000703000000|  0%| F|  |TAMS 0x0000000702f00000, 0x0000000702f00000| Untracked 
|   8|0x0000000703000000, 0x0000000703000000, 0x0000000703100000|  0%| F|  |TAMS 0x0000000703000000, 0x0000000703000000| Untracked 
|   9|0x0000000703100000, 0x0000000703100000, 0x0000000703200000|  0%| F|  |TAMS 0x0000000703100000, 0x0000000703100000| Untracked 
|  10|0x0000000703200000, 0x0000000703200000, 0x0000000703300000|  0%| F|  |TAMS 0x0000000703200000, 0x0000000703200000| Untracked 
|  11|0x0000000703300000, 0x0000000703300000, 0x0000000703400000|  0%| F|  |TAMS 0x0000000703300000, 0x0000000703300000| Untracked 
|  12|0x0000000703400000, 0x0000000703400000, 0x0000000703500000|  0%| F|  |TAMS 0x0000000703400000, 0x0000000703400000| Untracked 
|  13|0x0000000703500000, 0x0000000703500000, 0x0000000703600000|  0%| F|  |TAMS 0x0000000703500000, 0x0000000703500000| Untracked 
|  14|0x0000000703600000, 0x0000000703600000, 0x0000000703700000|  0%| F|  |TAMS 0x0000000703600000, 0x0000000703600000| Untracked 
|  15|0x0000000703700000, 0x0000000703700000, 0x0000000703800000|  0%| F|  |TAMS 0x0000000703700000, 0x0000000703700000| Untracked 
|  16|0x0000000703800000, 0x0000000703800000, 0x0000000703900000|  0%| F|  |TAMS 0x0000000703800000, 0x0000000703800000| Untracked 
|  17|0x0000000703900000, 0x0000000703900000, 0x0000000703a00000|  0%| F|  |TAMS 0x0000000703900000, 0x0000000703900000| Untracked 
|  18|0x0000000703a00000, 0x0000000703a00000, 0x0000000703b00000|  0%| F|  |TAMS 0x0000000703a00000, 0x0000000703a00000| Untracked 
|  19|0x0000000703b00000, 0x0000000703b00000, 0x0000000703c00000|  0%| F|  |TAMS 0x0000000703b00000, 0x0000000703b00000| Untracked 
|  20|0x0000000703c00000, 0x0000000703c00000, 0x0000000703d00000|  0%| F|  |TAMS 0x0000000703c00000, 0x0000000703c00000| Untracked 
|  21|0x0000000703d00000, 0x0000000703d00000, 0x0000000703e00000|  0%| F|  |TAMS 0x0000000703d00000, 0x0000000703d00000| Untracked 
|  22|0x0000000703e00000, 0x0000000703e00000, 0x0000000703f00000|  0%| F|  |TAMS 0x0000000703e00000, 0x0000000703e00000| Untracked 
|  23|0x0000000703f00000, 0x0000000703f00000, 0x0000000704000000|  0%| F|  |TAMS 0x0000000703f00000, 0x0000000703f00000| Untracked 
|  24|0x0000000704000000, 0x0000000704000000, 0x0000000704100000|  0%| F|  |TAMS 0x0000000704000000, 0x0000000704000000| Untracked 
|  25|0x0000000704100000, 0x0000000704100000, 0x0000000704200000|  0%| F|  |TAMS 0x0000000704100000, 0x0000000704100000| Untracked 
|  26|0x0000000704200000, 0x0000000704200000, 0x0000000704300000|  0%| F|  |TAMS 0x0000000704200000, 0x0000000704200000| Untracked 
|  27|0x0000000704300000, 0x0000000704300000, 0x0000000704400000|  0%| F|  |TAMS 0x0000000704300000, 0x0000000704300000| Untracked 
|  28|0x0000000704400000, 0x0000000704400000, 0x0000000704500000|  0%| F|  |TAMS 0x0000000704400000, 0x0000000704400000| Untracked 
|  29|0x0000000704500000, 0x0000000704500000, 0x0000000704600000|  0%| F|  |TAMS 0x0000000704500000, 0x0000000704500000| Untracked 
|  30|0x0000000704600000, 0x0000000704600000, 0x0000000704700000|  0%| F|  |TAMS 0x0000000704600000, 0x0000000704600000| Untracked 
|  31|0x0000000704700000, 0x0000000704700000, 0x0000000704800000|  0%| F|  |TAMS 0x0000000704700000, 0x0000000704700000| Untracked 
|  32|0x0000000704800000, 0x0000000704800000, 0x0000000704900000|  0%| F|  |TAMS 0x0000000704800000, 0x0000000704800000| Untracked 
|  33|0x0000000704900000, 0x0000000704900000, 0x0000000704a00000|  0%| F|  |TAMS 0x0000000704900000, 0x0000000704900000| Untracked 
|  34|0x0000000704a00000, 0x0000000704a00000, 0x0000000704b00000|  0%| F|  |TAMS 0x0000000704a00000, 0x0000000704a00000| Untracked 
|  35|0x0000000704b00000, 0x0000000704b00000, 0x0000000704c00000|  0%| F|  |TAMS 0x0000000704b00000, 0x0000000704b00000| Untracked 
|  36|0x0000000704c00000, 0x0000000704c00000, 0x0000000704d00000|  0%| F|  |TAMS 0x0000000704c00000, 0x0000000704c00000| Untracked 
|  37|0x0000000704d00000, 0x0000000704d00000, 0x0000000704e00000|  0%| F|  |TAMS 0x0000000704d00000, 0x0000000704d00000| Untracked 
|  38|0x0000000704e00000, 0x0000000704e00000, 0x0000000704f00000|  0%| F|  |TAMS 0x0000000704e00000, 0x0000000704e00000| Untracked 
|  39|0x0000000704f00000, 0x0000000704f00000, 0x0000000705000000|  0%| F|  |TAMS 0x0000000704f00000, 0x0000000704f00000| Untracked 
|  40|0x0000000705000000, 0x0000000705000000, 0x0000000705100000|  0%| F|  |TAMS 0x0000000705000000, 0x0000000705000000| Untracked 
|  41|0x0000000705100000, 0x0000000705100000, 0x0000000705200000|  0%| F|  |TAMS 0x0000000705100000, 0x0000000705100000| Untracked 
|  42|0x0000000705200000, 0x0000000705200000, 0x0000000705300000|  0%| F|  |TAMS 0x0000000705200000, 0x0000000705200000| Untracked 
|  43|0x0000000705300000, 0x0000000705300000, 0x0000000705400000|  0%| F|  |TAMS 0x0000000705300000, 0x0000000705300000| Untracked 
|  44|0x0000000705400000, 0x0000000705400000, 0x0000000705500000|  0%| F|  |TAMS 0x0000000705400000, 0x0000000705400000| Untracked 
|  45|0x0000000705500000, 0x0000000705500000, 0x0000000705600000|  0%| F|  |TAMS 0x0000000705500000, 0x0000000705500000| Untracked 
|  46|0x0000000705600000, 0x0000000705600000, 0x0000000705700000|  0%| F|  |TAMS 0x0000000705600000, 0x0000000705600000| Untracked 
|  47|0x0000000705700000, 0x0000000705700000, 0x0000000705800000|  0%| F|  |TAMS 0x0000000705700000, 0x0000000705700000| Untracked 
|  48|0x0000000705800000, 0x0000000705800000, 0x0000000705900000|  0%| F|  |TAMS 0x0000000705800000, 0x0000000705800000| Untracked 
|  49|0x0000000705900000, 0x0000000705900000, 0x0000000705a00000|  0%| F|  |TAMS 0x0000000705900000, 0x0000000705900000| Untracked 
|  50|0x0000000705a00000, 0x0000000705a00000, 0x0000000705b00000|  0%| F|  |TAMS 0x0000000705a00000, 0x0000000705a00000| Untracked 
|  51|0x0000000705b00000, 0x0000000705b00000, 0x0000000705c00000|  0%| F|  |TAMS 0x0000000705b00000, 0x0000000705b00000| Untracked 
|  52|0x0000000705c00000, 0x0000000705c00000, 0x0000000705d00000|  0%| F|  |TAMS 0x0000000705c00000, 0x0000000705c00000| Untracked 
|  53|0x0000000705d00000, 0x0000000705d00000, 0x0000000705e00000|  0%| F|  |TAMS 0x0000000705d00000, 0x0000000705d00000| Untracked 
|  54|0x0000000705e00000, 0x0000000705e00000, 0x0000000705f00000|  0%| F|  |TAMS 0x0000000705e00000, 0x0000000705e00000| Untracked 
|  55|0x0000000705f00000, 0x0000000705f00000, 0x0000000706000000|  0%| F|  |TAMS 0x0000000705f00000, 0x0000000705f00000| Untracked 
|  56|0x0000000706000000, 0x0000000706000000, 0x0000000706100000|  0%| F|  |TAMS 0x0000000706000000, 0x0000000706000000| Untracked 
|  57|0x0000000706100000, 0x0000000706100000, 0x0000000706200000|  0%| F|  |TAMS 0x0000000706100000, 0x0000000706100000| Untracked 
|  58|0x0000000706200000, 0x0000000706200000, 0x0000000706300000|  0%| F|  |TAMS 0x0000000706200000, 0x0000000706200000| Untracked 
|  59|0x0000000706300000, 0x0000000706300000, 0x0000000706400000|  0%| F|  |TAMS 0x0000000706300000, 0x0000000706300000| Untracked 
|  60|0x0000000706400000, 0x0000000706400000, 0x0000000706500000|  0%| F|  |TAMS 0x0000000706400000, 0x0000000706400000| Untracked 
|  61|0x0000000706500000, 0x0000000706500000, 0x0000000706600000|  0%| F|  |TAMS 0x0000000706500000, 0x0000000706500000| Untracked 
|  62|0x0000000706600000, 0x0000000706600000, 0x0000000706700000|  0%| F|  |TAMS 0x0000000706600000, 0x0000000706600000| Untracked 
|  63|0x0000000706700000, 0x0000000706700000, 0x0000000706800000|  0%| F|  |TAMS 0x0000000706700000, 0x0000000706700000| Untracked 
|  64|0x0000000706800000, 0x0000000706800000, 0x0000000706900000|  0%| F|  |TAMS 0x0000000706800000, 0x0000000706800000| Untracked 
|  65|0x0000000706900000, 0x0000000706900000, 0x0000000706a00000|  0%| F|  |TAMS 0x0000000706900000, 0x0000000706900000| Untracked 
|  66|0x0000000706a00000, 0x0000000706a00000, 0x0000000706b00000|  0%| F|  |TAMS 0x0000000706a00000, 0x0000000706a00000| Untracked 
|  67|0x0000000706b00000, 0x0000000706b00000, 0x0000000706c00000|  0%| F|  |TAMS 0x0000000706b00000, 0x0000000706b00000| Untracked 
|  68|0x0000000706c00000, 0x0000000706c00000, 0x0000000706d00000|  0%| F|  |TAMS 0x0000000706c00000, 0x0000000706c00000| Untracked 
|  69|0x0000000706d00000, 0x0000000706d00000, 0x0000000706e00000|  0%| F|  |TAMS 0x0000000706d00000, 0x0000000706d00000| Untracked 
|  70|0x0000000706e00000, 0x0000000706e00000, 0x0000000706f00000|  0%| F|  |TAMS 0x0000000706e00000, 0x0000000706e00000| Untracked 
|  71|0x0000000706f00000, 0x0000000706f00000, 0x0000000707000000|  0%| F|  |TAMS 0x0000000706f00000, 0x0000000706f00000| Untracked 
|  72|0x0000000707000000, 0x0000000707000000, 0x0000000707100000|  0%| F|  |TAMS 0x0000000707000000, 0x0000000707000000| Untracked 
|  73|0x0000000707100000, 0x0000000707100000, 0x0000000707200000|  0%| F|  |TAMS 0x0000000707100000, 0x0000000707100000| Untracked 
|  74|0x0000000707200000, 0x0000000707200000, 0x0000000707300000|  0%| F|  |TAMS 0x0000000707200000, 0x0000000707200000| Untracked 
|  75|0x0000000707300000, 0x0000000707300000, 0x0000000707400000|  0%| F|  |TAMS 0x0000000707300000, 0x0000000707300000| Untracked 
|  76|0x0000000707400000, 0x0000000707400000, 0x0000000707500000|  0%| F|  |TAMS 0x0000000707400000, 0x0000000707400000| Untracked 
|  77|0x0000000707500000, 0x0000000707500000, 0x0000000707600000|  0%| F|  |TAMS 0x0000000707500000, 0x0000000707500000| Untracked 
|  78|0x0000000707600000, 0x0000000707600000, 0x0000000707700000|  0%| F|  |TAMS 0x0000000707600000, 0x0000000707600000| Untracked 
|  79|0x0000000707700000, 0x0000000707700000, 0x0000000707800000|  0%| F|  |TAMS 0x0000000707700000, 0x0000000707700000| Untracked 
|  80|0x0000000707800000, 0x0000000707800000, 0x0000000707900000|  0%| F|  |TAMS 0x0000000707800000, 0x0000000707800000| Untracked 
|  81|0x0000000707900000, 0x0000000707900000, 0x0000000707a00000|  0%| F|  |TAMS 0x0000000707900000, 0x0000000707900000| Untracked 
|  82|0x0000000707a00000, 0x0000000707a00000, 0x0000000707b00000|  0%| F|  |TAMS 0x0000000707a00000, 0x0000000707a00000| Untracked 
|  83|0x0000000707b00000, 0x0000000707b00000, 0x0000000707c00000|  0%| F|  |TAMS 0x0000000707b00000, 0x0000000707b00000| Untracked 
|  84|0x0000000707c00000, 0x0000000707c00000, 0x0000000707d00000|  0%| F|  |TAMS 0x0000000707c00000, 0x0000000707c00000| Untracked 
|  85|0x0000000707d00000, 0x0000000707d00000, 0x0000000707e00000|  0%| F|  |TAMS 0x0000000707d00000, 0x0000000707d00000| Untracked 
|  86|0x0000000707e00000, 0x0000000707e00000, 0x0000000707f00000|  0%| F|  |TAMS 0x0000000707e00000, 0x0000000707e00000| Untracked 
|  87|0x0000000707f00000, 0x0000000707f00000, 0x0000000708000000|  0%| F|  |TAMS 0x0000000707f00000, 0x0000000707f00000| Untracked 
|  88|0x0000000708000000, 0x0000000708000000, 0x0000000708100000|  0%| F|  |TAMS 0x0000000708000000, 0x0000000708000000| Untracked 
|  89|0x0000000708100000, 0x0000000708100000, 0x0000000708200000|  0%| F|  |TAMS 0x0000000708100000, 0x0000000708100000| Untracked 
|  90|0x0000000708200000, 0x0000000708200000, 0x0000000708300000|  0%| F|  |TAMS 0x0000000708200000, 0x0000000708200000| Untracked 
|  91|0x0000000708300000, 0x0000000708300000, 0x0000000708400000|  0%| F|  |TAMS 0x0000000708300000, 0x0000000708300000| Untracked 
|  92|0x0000000708400000, 0x0000000708400000, 0x0000000708500000|  0%| F|  |TAMS 0x0000000708400000, 0x0000000708400000| Untracked 
|  93|0x0000000708500000, 0x0000000708500000, 0x0000000708600000|  0%| F|  |TAMS 0x0000000708500000, 0x0000000708500000| Untracked 
|  94|0x0000000708600000, 0x0000000708600000, 0x0000000708700000|  0%| F|  |TAMS 0x0000000708600000, 0x0000000708600000| Untracked 
|  95|0x0000000708700000, 0x0000000708700000, 0x0000000708800000|  0%| F|  |TAMS 0x0000000708700000, 0x0000000708700000| Untracked 
|  96|0x0000000708800000, 0x0000000708800000, 0x0000000708900000|  0%| F|  |TAMS 0x0000000708800000, 0x0000000708800000| Untracked 
|  97|0x0000000708900000, 0x0000000708900000, 0x0000000708a00000|  0%| F|  |TAMS 0x0000000708900000, 0x0000000708900000| Untracked 
|  98|0x0000000708a00000, 0x0000000708a00000, 0x0000000708b00000|  0%| F|  |TAMS 0x0000000708a00000, 0x0000000708a00000| Untracked 
|  99|0x0000000708b00000, 0x0000000708b00000, 0x0000000708c00000|  0%| F|  |TAMS 0x0000000708b00000, 0x0000000708b00000| Untracked 
| 100|0x0000000708c00000, 0x0000000708c00000, 0x0000000708d00000|  0%| F|  |TAMS 0x0000000708c00000, 0x0000000708c00000| Untracked 
| 101|0x0000000708d00000, 0x0000000708d00000, 0x0000000708e00000|  0%| F|  |TAMS 0x0000000708d00000, 0x0000000708d00000| Untracked 
| 102|0x0000000708e00000, 0x0000000708e00000, 0x0000000708f00000|  0%| F|  |TAMS 0x0000000708e00000, 0x0000000708e00000| Untracked 
| 103|0x0000000708f00000, 0x0000000708f00000, 0x0000000709000000|  0%| F|  |TAMS 0x0000000708f00000, 0x0000000708f00000| Untracked 
| 104|0x0000000709000000, 0x0000000709000000, 0x0000000709100000|  0%| F|  |TAMS 0x0000000709000000, 0x0000000709000000| Untracked 
| 105|0x0000000709100000, 0x0000000709100000, 0x0000000709200000|  0%| F|  |TAMS 0x0000000709100000, 0x0000000709100000| Untracked 
| 106|0x0000000709200000, 0x0000000709200000, 0x0000000709300000|  0%| F|  |TAMS 0x0000000709200000, 0x0000000709200000| Untracked 
| 107|0x0000000709300000, 0x0000000709300000, 0x0000000709400000|  0%| F|  |TAMS 0x0000000709300000, 0x0000000709300000| Untracked 
| 108|0x0000000709400000, 0x0000000709400000, 0x0000000709500000|  0%| F|  |TAMS 0x0000000709400000, 0x0000000709400000| Untracked 
| 109|0x0000000709500000, 0x0000000709500000, 0x0000000709600000|  0%| F|  |TAMS 0x0000000709500000, 0x0000000709500000| Untracked 
| 110|0x0000000709600000, 0x0000000709600000, 0x0000000709700000|  0%| F|  |TAMS 0x0000000709600000, 0x0000000709600000| Untracked 
| 111|0x0000000709700000, 0x0000000709700000, 0x0000000709800000|  0%| F|  |TAMS 0x0000000709700000, 0x0000000709700000| Untracked 
| 112|0x0000000709800000, 0x0000000709800000, 0x0000000709900000|  0%| F|  |TAMS 0x0000000709800000, 0x0000000709800000| Untracked 
| 113|0x0000000709900000, 0x0000000709900000, 0x0000000709a00000|  0%| F|  |TAMS 0x0000000709900000, 0x0000000709900000| Untracked 
| 114|0x0000000709a00000, 0x0000000709a00000, 0x0000000709b00000|  0%| F|  |TAMS 0x0000000709a00000, 0x0000000709a00000| Untracked 
| 115|0x0000000709b00000, 0x0000000709b00000, 0x0000000709c00000|  0%| F|  |TAMS 0x0000000709b00000, 0x0000000709b00000| Untracked 
| 116|0x0000000709c00000, 0x0000000709c00000, 0x0000000709d00000|  0%| F|  |TAMS 0x0000000709c00000, 0x0000000709c00000| Untracked 
| 117|0x0000000709d00000, 0x0000000709d00000, 0x0000000709e00000|  0%| F|  |TAMS 0x0000000709d00000, 0x0000000709d00000| Untracked 
| 118|0x0000000709e00000, 0x0000000709e00000, 0x0000000709f00000|  0%| F|  |TAMS 0x0000000709e00000, 0x0000000709e00000| Untracked 
| 119|0x0000000709f00000, 0x0000000709f00000, 0x000000070a000000|  0%| F|  |TAMS 0x0000000709f00000, 0x0000000709f00000| Untracked 
| 120|0x000000070a000000, 0x000000070a000000, 0x000000070a100000|  0%| F|  |TAMS 0x000000070a000000, 0x000000070a000000| Untracked 
| 121|0x000000070a100000, 0x000000070a100000, 0x000000070a200000|  0%| F|  |TAMS 0x000000070a100000, 0x000000070a100000| Untracked 
| 122|0x000000070a200000, 0x000000070a200000, 0x000000070a300000|  0%| F|  |TAMS 0x000000070a200000, 0x000000070a200000| Untracked 
| 123|0x000000070a300000, 0x000000070a300000, 0x000000070a400000|  0%| F|  |TAMS 0x000000070a300000, 0x000000070a300000| Untracked 
| 124|0x000000070a400000, 0x000000070a400000, 0x000000070a500000|  0%| F|  |TAMS 0x000000070a400000, 0x000000070a400000| Untracked 
| 125|0x000000070a500000, 0x000000070a500000, 0x000000070a600000|  0%| F|  |TAMS 0x000000070a500000, 0x000000070a500000| Untracked 
| 126|0x000000070a600000, 0x000000070a600000, 0x000000070a700000|  0%| F|  |TAMS 0x000000070a600000, 0x000000070a600000| Untracked 
| 127|0x000000070a700000, 0x000000070a700000, 0x000000070a800000|  0%| F|  |TAMS 0x000000070a700000, 0x000000070a700000| Untracked 
| 128|0x000000070a800000, 0x000000070a800000, 0x000000070a900000|  0%| F|  |TAMS 0x000000070a800000, 0x000000070a800000| Untracked 
| 129|0x000000070a900000, 0x000000070a900000, 0x000000070aa00000|  0%| F|  |TAMS 0x000000070a900000, 0x000000070a900000| Untracked 
| 130|0x000000070aa00000, 0x000000070aa00000, 0x000000070ab00000|  0%| F|  |TAMS 0x000000070aa00000, 0x000000070aa00000| Untracked 
| 131|0x000000070ab00000, 0x000000070ab00000, 0x000000070ac00000|  0%| F|  |TAMS 0x000000070ab00000, 0x000000070ab00000| Untracked 
| 132|0x000000070ac00000, 0x000000070ac00000, 0x000000070ad00000|  0%| F|  |TAMS 0x000000070ac00000, 0x000000070ac00000| Untracked 
| 133|0x000000070ad00000, 0x000000070ad00000, 0x000000070ae00000|  0%| F|  |TAMS 0x000000070ad00000, 0x000000070ad00000| Untracked 
| 134|0x000000070ae00000, 0x000000070ae00000, 0x000000070af00000|  0%| F|  |TAMS 0x000000070ae00000, 0x000000070ae00000| Untracked 
| 135|0x000000070af00000, 0x000000070af00000, 0x000000070b000000|  0%| F|  |TAMS 0x000000070af00000, 0x000000070af00000| Untracked 
| 136|0x000000070b000000, 0x000000070b000000, 0x000000070b100000|  0%| F|  |TAMS 0x000000070b000000, 0x000000070b000000| Untracked 
| 137|0x000000070b100000, 0x000000070b100000, 0x000000070b200000|  0%| F|  |TAMS 0x000000070b100000, 0x000000070b100000| Untracked 
| 138|0x000000070b200000, 0x000000070b200000, 0x000000070b300000|  0%| F|  |TAMS 0x000000070b200000, 0x000000070b200000| Untracked 
| 139|0x000000070b300000, 0x000000070b300000, 0x000000070b400000|  0%| F|  |TAMS 0x000000070b300000, 0x000000070b300000| Untracked 
| 140|0x000000070b400000, 0x000000070b400000, 0x000000070b500000|  0%| F|  |TAMS 0x000000070b400000, 0x000000070b400000| Untracked 
| 141|0x000000070b500000, 0x000000070b500000, 0x000000070b600000|  0%| F|  |TAMS 0x000000070b500000, 0x000000070b500000| Untracked 
| 142|0x000000070b600000, 0x000000070b600000, 0x000000070b700000|  0%| F|  |TAMS 0x000000070b600000, 0x000000070b600000| Untracked 
| 143|0x000000070b700000, 0x000000070b700000, 0x000000070b800000|  0%| F|  |TAMS 0x000000070b700000, 0x000000070b700000| Untracked 
| 144|0x000000070b800000, 0x000000070b800000, 0x000000070b900000|  0%| F|  |TAMS 0x000000070b800000, 0x000000070b800000| Untracked 
| 145|0x000000070b900000, 0x000000070b900000, 0x000000070ba00000|  0%| F|  |TAMS 0x000000070b900000, 0x000000070b900000| Untracked 
| 146|0x000000070ba00000, 0x000000070ba00000, 0x000000070bb00000|  0%| F|  |TAMS 0x000000070ba00000, 0x000000070ba00000| Untracked 
| 147|0x000000070bb00000, 0x000000070bb00000, 0x000000070bc00000|  0%| F|  |TAMS 0x000000070bb00000, 0x000000070bb00000| Untracked 
| 148|0x000000070bc00000, 0x000000070bc00000, 0x000000070bd00000|  0%| F|  |TAMS 0x000000070bc00000, 0x000000070bc00000| Untracked 
| 149|0x000000070bd00000, 0x000000070bd00000, 0x000000070be00000|  0%| F|  |TAMS 0x000000070bd00000, 0x000000070bd00000| Untracked 
| 150|0x000000070be00000, 0x000000070be00000, 0x000000070bf00000|  0%| F|  |TAMS 0x000000070be00000, 0x000000070be00000| Untracked 
| 151|0x000000070bf00000, 0x000000070bf00000, 0x000000070c000000|  0%| F|  |TAMS 0x000000070bf00000, 0x000000070bf00000| Untracked 
| 152|0x000000070c000000, 0x000000070c000000, 0x000000070c100000|  0%| F|  |TAMS 0x000000070c000000, 0x000000070c000000| Untracked 
| 153|0x000000070c100000, 0x000000070c100000, 0x000000070c200000|  0%| F|  |TAMS 0x000000070c100000, 0x000000070c100000| Untracked 
| 154|0x000000070c200000, 0x000000070c200000, 0x000000070c300000|  0%| F|  |TAMS 0x000000070c200000, 0x000000070c200000| Untracked 
| 155|0x000000070c300000, 0x000000070c300000, 0x000000070c400000|  0%| F|  |TAMS 0x000000070c300000, 0x000000070c300000| Untracked 
| 156|0x000000070c400000, 0x000000070c400000, 0x000000070c500000|  0%| F|  |TAMS 0x000000070c400000, 0x000000070c400000| Untracked 
| 157|0x000000070c500000, 0x000000070c500000, 0x000000070c600000|  0%| F|  |TAMS 0x000000070c500000, 0x000000070c500000| Untracked 
| 158|0x000000070c600000, 0x000000070c600000, 0x000000070c700000|  0%| F|  |TAMS 0x000000070c600000, 0x000000070c600000| Untracked 
| 159|0x000000070c700000, 0x000000070c700000, 0x000000070c800000|  0%| F|  |TAMS 0x000000070c700000, 0x000000070c700000| Untracked 
| 160|0x000000070c800000, 0x000000070c800000, 0x000000070c900000|  0%| F|  |TAMS 0x000000070c800000, 0x000000070c800000| Untracked 
| 161|0x000000070c900000, 0x000000070c900000, 0x000000070ca00000|  0%| F|  |TAMS 0x000000070c900000, 0x000000070c900000| Untracked 
| 162|0x000000070ca00000, 0x000000070ca00000, 0x000000070cb00000|  0%| F|  |TAMS 0x000000070ca00000, 0x000000070ca00000| Untracked 
| 163|0x000000070cb00000, 0x000000070cb00000, 0x000000070cc00000|  0%| F|  |TAMS 0x000000070cb00000, 0x000000070cb00000| Untracked 
| 164|0x000000070cc00000, 0x000000070cc00000, 0x000000070cd00000|  0%| F|  |TAMS 0x000000070cc00000, 0x000000070cc00000| Untracked 
| 165|0x000000070cd00000, 0x000000070cd00000, 0x000000070ce00000|  0%| F|  |TAMS 0x000000070cd00000, 0x000000070cd00000| Untracked 
| 166|0x000000070ce00000, 0x000000070ce00000, 0x000000070cf00000|  0%| F|  |TAMS 0x000000070ce00000, 0x000000070ce00000| Untracked 
| 167|0x000000070cf00000, 0x000000070cf00000, 0x000000070d000000|  0%| F|  |TAMS 0x000000070cf00000, 0x000000070cf00000| Untracked 
| 168|0x000000070d000000, 0x000000070d000000, 0x000000070d100000|  0%| F|  |TAMS 0x000000070d000000, 0x000000070d000000| Untracked 
| 169|0x000000070d100000, 0x000000070d100000, 0x000000070d200000|  0%| F|  |TAMS 0x000000070d100000, 0x000000070d100000| Untracked 
| 170|0x000000070d200000, 0x000000070d200000, 0x000000070d300000|  0%| F|  |TAMS 0x000000070d200000, 0x000000070d200000| Untracked 
| 171|0x000000070d300000, 0x000000070d300000, 0x000000070d400000|  0%| F|  |TAMS 0x000000070d300000, 0x000000070d300000| Untracked 
| 172|0x000000070d400000, 0x000000070d400000, 0x000000070d500000|  0%| F|  |TAMS 0x000000070d400000, 0x000000070d400000| Untracked 
| 173|0x000000070d500000, 0x000000070d500000, 0x000000070d600000|  0%| F|  |TAMS 0x000000070d500000, 0x000000070d500000| Untracked 
| 174|0x000000070d600000, 0x000000070d600000, 0x000000070d700000|  0%| F|  |TAMS 0x000000070d600000, 0x000000070d600000| Untracked 
| 175|0x000000070d700000, 0x000000070d700000, 0x000000070d800000|  0%| F|  |TAMS 0x000000070d700000, 0x000000070d700000| Untracked 
| 176|0x000000070d800000, 0x000000070d800000, 0x000000070d900000|  0%| F|  |TAMS 0x000000070d800000, 0x000000070d800000| Untracked 
| 177|0x000000070d900000, 0x000000070d900000, 0x000000070da00000|  0%| F|  |TAMS 0x000000070d900000, 0x000000070d900000| Untracked 
| 178|0x000000070da00000, 0x000000070da00000, 0x000000070db00000|  0%| F|  |TAMS 0x000000070da00000, 0x000000070da00000| Untracked 
| 179|0x000000070db00000, 0x000000070db00000, 0x000000070dc00000|  0%| F|  |TAMS 0x000000070db00000, 0x000000070db00000| Untracked 
| 180|0x000000070dc00000, 0x000000070dc00000, 0x000000070dd00000|  0%| F|  |TAMS 0x000000070dc00000, 0x000000070dc00000| Untracked 
| 181|0x000000070dd00000, 0x000000070dd00000, 0x000000070de00000|  0%| F|  |TAMS 0x000000070dd00000, 0x000000070dd00000| Untracked 
| 182|0x000000070de00000, 0x000000070de00000, 0x000000070df00000|  0%| F|  |TAMS 0x000000070de00000, 0x000000070de00000| Untracked 
| 183|0x000000070df00000, 0x000000070df00000, 0x000000070e000000|  0%| F|  |TAMS 0x000000070df00000, 0x000000070df00000| Untracked 
| 184|0x000000070e000000, 0x000000070e000000, 0x000000070e100000|  0%| F|  |TAMS 0x000000070e000000, 0x000000070e000000| Untracked 
| 185|0x000000070e100000, 0x000000070e100000, 0x000000070e200000|  0%| F|  |TAMS 0x000000070e100000, 0x000000070e100000| Untracked 
| 186|0x000000070e200000, 0x000000070e200000, 0x000000070e300000|  0%| F|  |TAMS 0x000000070e200000, 0x000000070e200000| Untracked 
| 187|0x000000070e300000, 0x000000070e300000, 0x000000070e400000|  0%| F|  |TAMS 0x000000070e300000, 0x000000070e300000| Untracked 
| 188|0x000000070e400000, 0x000000070e400000, 0x000000070e500000|  0%| F|  |TAMS 0x000000070e400000, 0x000000070e400000| Untracked 
| 189|0x000000070e500000, 0x000000070e500000, 0x000000070e600000|  0%| F|  |TAMS 0x000000070e500000, 0x000000070e500000| Untracked 
| 190|0x000000070e600000, 0x000000070e600000, 0x000000070e700000|  0%| F|  |TAMS 0x000000070e600000, 0x000000070e600000| Untracked 
| 191|0x000000070e700000, 0x000000070e700000, 0x000000070e800000|  0%| F|  |TAMS 0x000000070e700000, 0x000000070e700000| Untracked 
| 192|0x000000070e800000, 0x000000070e800000, 0x000000070e900000|  0%| F|  |TAMS 0x000000070e800000, 0x000000070e800000| Untracked 
| 193|0x000000070e900000, 0x000000070e900000, 0x000000070ea00000|  0%| F|  |TAMS 0x000000070e900000, 0x000000070e900000| Untracked 
| 194|0x000000070ea00000, 0x000000070ea00000, 0x000000070eb00000|  0%| F|  |TAMS 0x000000070ea00000, 0x000000070ea00000| Untracked 
| 195|0x000000070eb00000, 0x000000070eb00000, 0x000000070ec00000|  0%| F|  |TAMS 0x000000070eb00000, 0x000000070eb00000| Untracked 
| 196|0x000000070ec00000, 0x000000070ec00000, 0x000000070ed00000|  0%| F|  |TAMS 0x000000070ec00000, 0x000000070ec00000| Untracked 
| 197|0x000000070ed00000, 0x000000070ed00000, 0x000000070ee00000|  0%| F|  |TAMS 0x000000070ed00000, 0x000000070ed00000| Untracked 
| 198|0x000000070ee00000, 0x000000070ee00000, 0x000000070ef00000|  0%| F|  |TAMS 0x000000070ee00000, 0x000000070ee00000| Untracked 
| 199|0x000000070ef00000, 0x000000070ef00000, 0x000000070f000000|  0%| F|  |TAMS 0x000000070ef00000, 0x000000070ef00000| Untracked 
| 200|0x000000070f000000, 0x000000070f000000, 0x000000070f100000|  0%| F|  |TAMS 0x000000070f000000, 0x000000070f000000| Untracked 
| 201|0x000000070f100000, 0x000000070f100000, 0x000000070f200000|  0%| F|  |TAMS 0x000000070f100000, 0x000000070f100000| Untracked 
| 202|0x000000070f200000, 0x000000070f200000, 0x000000070f300000|  0%| F|  |TAMS 0x000000070f200000, 0x000000070f200000| Untracked 
| 203|0x000000070f300000, 0x000000070f300000, 0x000000070f400000|  0%| F|  |TAMS 0x000000070f300000, 0x000000070f300000| Untracked 
| 204|0x000000070f400000, 0x000000070f400000, 0x000000070f500000|  0%| F|  |TAMS 0x000000070f400000, 0x000000070f400000| Untracked 
| 205|0x000000070f500000, 0x000000070f500000, 0x000000070f600000|  0%| F|  |TAMS 0x000000070f500000, 0x000000070f500000| Untracked 
| 206|0x000000070f600000, 0x000000070f600000, 0x000000070f700000|  0%| F|  |TAMS 0x000000070f600000, 0x000000070f600000| Untracked 
| 207|0x000000070f700000, 0x000000070f700000, 0x000000070f800000|  0%| F|  |TAMS 0x000000070f700000, 0x000000070f700000| Untracked 
| 208|0x000000070f800000, 0x000000070f800000, 0x000000070f900000|  0%| F|  |TAMS 0x000000070f800000, 0x000000070f800000| Untracked 
| 209|0x000000070f900000, 0x000000070f900000, 0x000000070fa00000|  0%| F|  |TAMS 0x000000070f900000, 0x000000070f900000| Untracked 
| 210|0x000000070fa00000, 0x000000070fa30300, 0x000000070fb00000| 18%| S|CS|TAMS 0x000000070fa00000, 0x000000070fa00000| Complete 
| 211|0x000000070fb00000, 0x000000070fc00000, 0x000000070fc00000|100%| S|CS|TAMS 0x000000070fb00000, 0x000000070fb00000| Complete 
| 212|0x000000070fc00000, 0x000000070fd00000, 0x000000070fd00000|100%| S|CS|TAMS 0x000000070fc00000, 0x000000070fc00000| Complete 
| 213|0x000000070fd00000, 0x000000070fe00000, 0x000000070fe00000|100%| S|CS|TAMS 0x000000070fd00000, 0x000000070fd00000| Complete 
| 214|0x000000070fe00000, 0x000000070fe00000, 0x000000070ff00000|  0%| F|  |TAMS 0x000000070fe00000, 0x000000070fe00000| Untracked 
| 215|0x000000070ff00000, 0x000000070ff00000, 0x0000000710000000|  0%| F|  |TAMS 0x000000070ff00000, 0x000000070ff00000| Untracked 
| 216|0x0000000710000000, 0x0000000710000000, 0x0000000710100000|  0%| F|  |TAMS 0x0000000710000000, 0x0000000710000000| Untracked 
| 217|0x0000000710100000, 0x0000000710100000, 0x0000000710200000|  0%| F|  |TAMS 0x0000000710100000, 0x0000000710100000| Untracked 
| 218|0x0000000710200000, 0x0000000710200000, 0x0000000710300000|  0%| F|  |TAMS 0x0000000710200000, 0x0000000710200000| Untracked 
| 219|0x0000000710300000, 0x0000000710300000, 0x0000000710400000|  0%| F|  |TAMS 0x0000000710300000, 0x0000000710300000| Untracked 
| 220|0x0000000710400000, 0x0000000710400000, 0x0000000710500000|  0%| F|  |TAMS 0x0000000710400000, 0x0000000710400000| Untracked 
| 221|0x0000000710500000, 0x0000000710500000, 0x0000000710600000|  0%| F|  |TAMS 0x0000000710500000, 0x0000000710500000| Untracked 
| 222|0x0000000710600000, 0x0000000710600000, 0x0000000710700000|  0%| F|  |TAMS 0x0000000710600000, 0x0000000710600000| Untracked 
| 223|0x0000000710700000, 0x0000000710700000, 0x0000000710800000|  0%| F|  |TAMS 0x0000000710700000, 0x0000000710700000| Untracked 
| 224|0x0000000710800000, 0x0000000710800000, 0x0000000710900000|  0%| F|  |TAMS 0x0000000710800000, 0x0000000710800000| Untracked 
| 225|0x0000000710900000, 0x0000000710900000, 0x0000000710a00000|  0%| F|  |TAMS 0x0000000710900000, 0x0000000710900000| Untracked 
| 226|0x0000000710a00000, 0x0000000710a00000, 0x0000000710b00000|  0%| F|  |TAMS 0x0000000710a00000, 0x0000000710a00000| Untracked 
| 227|0x0000000710b00000, 0x0000000710b00000, 0x0000000710c00000|  0%| F|  |TAMS 0x0000000710b00000, 0x0000000710b00000| Untracked 
| 228|0x0000000710c00000, 0x0000000710c00000, 0x0000000710d00000|  0%| F|  |TAMS 0x0000000710c00000, 0x0000000710c00000| Untracked 
| 229|0x0000000710d00000, 0x0000000710d00000, 0x0000000710e00000|  0%| F|  |TAMS 0x0000000710d00000, 0x0000000710d00000| Untracked 
| 230|0x0000000710e00000, 0x0000000710e00000, 0x0000000710f00000|  0%| F|  |TAMS 0x0000000710e00000, 0x0000000710e00000| Untracked 
| 231|0x0000000710f00000, 0x0000000710f00000, 0x0000000711000000|  0%| F|  |TAMS 0x0000000710f00000, 0x0000000710f00000| Untracked 
| 232|0x0000000711000000, 0x0000000711000000, 0x0000000711100000|  0%| F|  |TAMS 0x0000000711000000, 0x0000000711000000| Untracked 
| 233|0x0000000711100000, 0x0000000711100000, 0x0000000711200000|  0%| F|  |TAMS 0x0000000711100000, 0x0000000711100000| Untracked 
| 234|0x0000000711200000, 0x0000000711200000, 0x0000000711300000|  0%| F|  |TAMS 0x0000000711200000, 0x0000000711200000| Untracked 
| 235|0x0000000711300000, 0x0000000711300000, 0x0000000711400000|  0%| F|  |TAMS 0x0000000711300000, 0x0000000711300000| Untracked 
| 236|0x0000000711400000, 0x0000000711480b48, 0x0000000711500000| 50%| E|  |TAMS 0x0000000711400000, 0x0000000711400000| Complete 
| 237|0x0000000711500000, 0x0000000711600000, 0x0000000711600000|100%| E|CS|TAMS 0x0000000711500000, 0x0000000711500000| Complete 
| 238|0x0000000711600000, 0x0000000711700000, 0x0000000711700000|100%| E|CS|TAMS 0x0000000711600000, 0x0000000711600000| Complete 
| 239|0x0000000711700000, 0x0000000711800000, 0x0000000711800000|100%| E|CS|TAMS 0x0000000711700000, 0x0000000711700000| Complete 
| 240|0x0000000711800000, 0x0000000711900000, 0x0000000711900000|100%| E|CS|TAMS 0x0000000711800000, 0x0000000711800000| Complete 
| 241|0x0000000711900000, 0x0000000711a00000, 0x0000000711a00000|100%| E|CS|TAMS 0x0000000711900000, 0x0000000711900000| Complete 
| 242|0x0000000711a00000, 0x0000000711b00000, 0x0000000711b00000|100%| E|CS|TAMS 0x0000000711a00000, 0x0000000711a00000| Complete 
| 243|0x0000000711b00000, 0x0000000711c00000, 0x0000000711c00000|100%| E|CS|TAMS 0x0000000711b00000, 0x0000000711b00000| Complete 
| 244|0x0000000711c00000, 0x0000000711d00000, 0x0000000711d00000|100%| E|CS|TAMS 0x0000000711c00000, 0x0000000711c00000| Complete 
| 245|0x0000000711d00000, 0x0000000711e00000, 0x0000000711e00000|100%| E|CS|TAMS 0x0000000711d00000, 0x0000000711d00000| Complete 
| 246|0x0000000711e00000, 0x0000000711f00000, 0x0000000711f00000|100%| E|CS|TAMS 0x0000000711e00000, 0x0000000711e00000| Complete 
| 247|0x0000000711f00000, 0x0000000712000000, 0x0000000712000000|100%| E|CS|TAMS 0x0000000711f00000, 0x0000000711f00000| Complete 
| 248|0x0000000712000000, 0x0000000712100000, 0x0000000712100000|100%| E|CS|TAMS 0x0000000712000000, 0x0000000712000000| Complete 
| 249|0x0000000712100000, 0x0000000712200000, 0x0000000712200000|100%| E|CS|TAMS 0x0000000712100000, 0x0000000712100000| Complete 
| 250|0x0000000712200000, 0x0000000712300000, 0x0000000712300000|100%| E|CS|TAMS 0x0000000712200000, 0x0000000712200000| Complete 
| 251|0x0000000712300000, 0x0000000712400000, 0x0000000712400000|100%| E|CS|TAMS 0x0000000712300000, 0x0000000712300000| Complete 
| 252|0x0000000712400000, 0x0000000712500000, 0x0000000712500000|100%| E|CS|TAMS 0x0000000712400000, 0x0000000712400000| Complete 
| 253|0x0000000712500000, 0x0000000712600000, 0x0000000712600000|100%| E|CS|TAMS 0x0000000712500000, 0x0000000712500000| Complete 

Card table byte_map: [0x000001be31f00000,0x000001be326f0000] _byte_map_base: 0x000001be2e6ec000

Marking Bits (Prev, Next): (CMBitMap*) 0x000001be1ab73d70, (CMBitMap*) 0x000001be1ab73d38
 Prev Bits: [0x000001be36e40000, 0x000001be3ada0000)
 Next Bits: [0x000001be32ee0000, 0x000001be36e40000)

Polling page: 0x000001be18aa0000

Metaspace:

Usage:
  Non-class:     24.56 MB capacity,    24.15 MB ( 98%) used,   345.66 KB (  1%) free+waste,    79.44 KB ( <1%) overhead. 
      Class:      3.42 MB capacity,     3.12 MB ( 91%) used,   265.25 KB (  8%) free+waste,    39.25 KB (  1%) overhead. 
       Both:     27.98 MB capacity,    27.27 MB ( 97%) used,   610.91 KB (  2%) free+waste,   118.69 KB ( <1%) overhead. 

Virtual space:
  Non-class space:       26.00 MB reserved,      24.75 MB ( 95%) committed 
      Class space:        1.00 GB reserved,       3.50 MB ( <1%) committed 
             Both:        1.03 GB reserved,      28.25 MB (  3%) committed 

Chunk freelists:
   Non-Class:  128 bytes
       Class:  2.38 KB
        Both:  2.50 KB

CodeHeap 'non-profiled nmethods': size=120000Kb used=1185Kb max_used=1185Kb free=118814Kb
 bounds [0x000001be29c90000, 0x000001be29f00000, 0x000001be311c0000]
CodeHeap 'profiled nmethods': size=120000Kb used=5478Kb max_used=5478Kb free=114522Kb
 bounds [0x000001be22760000, 0x000001be22cc0000, 0x000001be29c90000]
CodeHeap 'non-nmethods': size=5760Kb used=1142Kb max_used=1186Kb free=4617Kb
 bounds [0x000001be221c0000, 0x000001be22430000, 0x000001be22760000]
 total_blobs=3132 nmethods=2687 adapters=356
 compilation: enabled
              stopped_count=0, restarted_count=0
 full_count=0

Compilation events (10 events):
Event: 1.245 Thread 0x000001be3e454800 2644       3       org.springframework.beans.factory.support.MethodOverrides::<init> (16 bytes)
Event: 1.245 Thread 0x000001be3e454800 nmethod 2644 0x000001be22ca0810 code [0x000001be22ca0a00, 0x000001be22ca1178]
Event: 1.245 Thread 0x000001be3e454800 2645   !   3       org.springframework.beans.factory.support.AbstractBeanFactory::getMergedBeanDefinition (371 bytes)
Event: 1.247 Thread 0x000001be3e454800 nmethod 2645 0x000001be22ca1390 code [0x000001be22ca1920, 0x000001be22ca5078]
Event: 1.250 Thread 0x000001be3e454800 2646       2       org.springframework.beans.factory.support.DefaultSingletonBeanRegistry::isSingletonCurrentlyInCreation (11 bytes)
Event: 1.251 Thread 0x000001be3e454800 nmethod 2646 0x000001be22ca6810 code [0x000001be22ca69a0, 0x000001be22ca6ac8]
Event: 1.251 Thread 0x000001be3e454800 2647   !   3       org.springframework.beans.factory.support.DefaultSingletonBeanRegistry::getSingleton (147 bytes)
Event: 1.251 Thread 0x000001be3e454800 nmethod 2647 0x000001be22ca6b90 code [0x000001be22ca6e00, 0x000001be22ca7c68]
Event: 1.255 Thread 0x000001be3e454800 2648       1       java.util.Collections$EmptyMap::get (2 bytes)
Event: 1.255 Thread 0x000001be3e454800 nmethod 2648 0x000001be29db0610 code [0x000001be29db07a0, 0x000001be29db0858]

GC Heap History (6 events):
Event: 0.449 GC heap before
{Heap before GC invocations=0 (full 0):
 garbage-first heap   total 260096K, used 23552K [0x0000000702800000, 0x0000000800000000)
  region size 1024K, 24 young (24576K), 0 survivors (0K)
 Metaspace       used 13973K, capacity 14249K, committed 14464K, reserved 1062912K
  class space    used 1419K, capacity 1550K, committed 1664K, reserved 1048576K
}
Event: 0.451 GC heap after
{Heap after GC invocations=1 (full 0):
 garbage-first heap   total 260096K, used 4590K [0x0000000702800000, 0x0000000800000000)
  region size 1024K, 3 young (3072K), 3 survivors (3072K)
 Metaspace       used 13973K, capacity 14249K, committed 14464K, reserved 1062912K
  class space    used 1419K, capacity 1550K, committed 1664K, reserved 1048576K
}
Event: 0.703 GC heap before
{Heap before GC invocations=1 (full 0):
 garbage-first heap   total 260096K, used 35310K [0x0000000702800000, 0x0000000800000000)
  region size 1024K, 34 young (34816K), 3 survivors (3072K)
 Metaspace       used 20679K, capacity 21137K, committed 21248K, reserved 1069056K
  class space    used 2265K, capacity 2477K, committed 2560K, reserved 1048576K
}
Event: 0.706 GC heap after
{Heap after GC invocations=2 (full 0):
 garbage-first heap   total 260096K, used 5843K [0x0000000702800000, 0x0000000800000000)
  region size 1024K, 5 young (5120K), 5 survivors (5120K)
 Metaspace       used 20679K, capacity 21137K, committed 21248K, reserved 1069056K
  class space    used 2265K, capacity 2477K, committed 2560K, reserved 1048576K
}
Event: 1.051 GC heap before
{Heap before GC invocations=3 (full 0):
 garbage-first heap   total 260096K, used 40659K [0x0000000702800000, 0x0000000800000000)
  region size 1024K, 40 young (40960K), 5 survivors (5120K)
 Metaspace       used 25165K, capacity 25800K, committed 25984K, reserved 1073152K
  class space    used 2846K, capacity 3111K, committed 3200K, reserved 1048576K
}
Event: 1.055 GC heap after
{Heap after GC invocations=4 (full 0):
 garbage-first heap   total 260096K, used 7677K [0x0000000702800000, 0x0000000800000000)
  region size 1024K, 4 young (4096K), 4 survivors (4096K)
 Metaspace       used 25165K, capacity 25800K, committed 25984K, reserved 1073152K
  class space    used 2846K, capacity 3111K, committed 3200K, reserved 1048576K
}

Deoptimization events (10 events):
Event: 0.941 Thread 0x000001be1ab12800 Uncommon trap: reason=bimorphic_or_optimized_type_check action=maybe_recompile pc=0x000001be29d5a7c4 method=java.util.HashMap.putVal(ILjava/lang/Object;Ljava/lang/Object;ZZ)Ljava/lang/Object; @ 203 c2
Event: 0.942 Thread 0x000001be1ab12800 Uncommon trap: reason=bimorphic_or_optimized_type_check action=maybe_recompile pc=0x000001be29d5a7c4 method=java.util.HashMap.putVal(ILjava/lang/Object;Ljava/lang/Object;ZZ)Ljava/lang/Object; @ 203 c2
Event: 1.025 Thread 0x000001be1ab12800 Uncommon trap: reason=class_check action=maybe_recompile pc=0x000001be29c9a560 method=java.lang.String.equals(Ljava/lang/Object;)Z @ 8 c2
Event: 1.025 Thread 0x000001be1ab12800 Uncommon trap: reason=class_check action=maybe_recompile pc=0x000001be29c9a560 method=java.lang.String.equals(Ljava/lang/Object;)Z @ 8 c2
Event: 1.025 Thread 0x000001be1ab12800 Uncommon trap: reason=class_check action=maybe_recompile pc=0x000001be29c9a560 method=java.lang.String.equals(Ljava/lang/Object;)Z @ 8 c2
Event: 1.026 Thread 0x000001be1ab12800 Uncommon trap: reason=class_check action=maybe_recompile pc=0x000001be29c9a560 method=java.lang.String.equals(Ljava/lang/Object;)Z @ 8 c2
Event: 1.089 Thread 0x000001be1ab12800 Uncommon trap: reason=intrinsic_or_type_checked_inlining action=make_not_entrant pc=0x000001be29d86c60 method=java.util.Arrays.copyOf([Ljava/lang/Object;ILjava/lang/Class;)[Ljava/lang/Object; @ 35 c2
Event: 1.098 Thread 0x000001be1ab12800 Uncommon trap: reason=unstable_if action=reinterpret pc=0x000001be29d071b8 method=java.util.Arrays.equals([Ljava/lang/Object;[Ljava/lang/Object;)Z @ 44 c2
Event: 1.228 Thread 0x000001be1ab12800 Uncommon trap: reason=unstable_if action=reinterpret pc=0x000001be29d92b64 method=org.springframework.beans.factory.support.AbstractBeanFactory.getMergedLocalBeanDefinition(Ljava/lang/String;)Lorg/springframework/beans/factory/support/RootBeanDefinition; 
Event: 1.250 Thread 0x000001be1ab12800 Uncommon trap: reason=unstable_if action=reinterpret pc=0x000001be29da3174 method=org.springframework.beans.factory.support.DefaultSingletonBeanRegistry.getSingleton(Ljava/lang/String;Z)Ljava/lang/Object; @ 20 c2

Classes redefined (0 events):
No events

Internal exceptions (10 events):
Event: 0.784 Thread 0x000001be3f1eb000 Exception <a 'java/lang/NoSuchMethodError'{0x000000071181fb98}: java.lang.invoke.DirectMethodHandle$Holder.invokeStatic(Ljava/lang/Object;Ljava/lang/Object;)J> (0x000000071181fb98) thrown at [./open/src/hotspot/share/interpreter/linkResolver.cpp, line 772
Event: 0.784 Thread 0x000001be3f1eb000 Exception <a 'java/lang/NoSuchMethodError'{0x00000007118229c0}: java.lang.invoke.DirectMethodHandle$Holder.invokeStaticInit(Ljava/lang/Object;Ljava/lang/Object;)J> (0x00000007118229c0) thrown at [./open/src/hotspot/share/interpreter/linkResolver.cpp, line
Event: 0.785 Thread 0x000001be3f1eb000 Exception <a 'java/lang/NoSuchMethodError'{0x000000071182f240}: java.lang.invoke.DirectMethodHandle$Holder.invokeInterface(Ljava/lang/Object;Ljava/lang/Object;)J> (0x000000071182f240) thrown at [./open/src/hotspot/share/interpreter/linkResolver.cpp, line 
Event: 0.785 Thread 0x000001be3f1eb000 Exception <a 'java/lang/IncompatibleClassChangeError'{0x0000000711831fd8}: Found class java.lang.Object, but interface was expected> (0x0000000711831fd8) thrown at [./open/src/hotspot/share/interpreter/linkResolver.cpp, line 838]
Event: 0.792 Thread 0x000001be3f1eb000 Exception <a 'java/lang/NoSuchMethodError'{0x000000071174a950}: java.lang.invoke.DirectMethodHandle$Holder.invokeVirtual(Ljava/lang/Object;Ljava/lang/Object;Ljava/lang/Object;Ljava/lang/Object;)Ljava/lang/Object;> (0x000000071174a950) thrown at [./open/sr
Event: 0.869 Thread 0x000001be1ab12800 Exception <a 'java/lang/IncompatibleClassChangeError'{0x00000007111b99c0}: Found class java.lang.Object, but interface was expected> (0x00000007111b99c0) thrown at [./open/src/hotspot/share/interpreter/linkResolver.cpp, line 838]
Event: 0.891 Thread 0x000001be1ab12800 Exception <a 'java/lang/NoSuchMethodError'{0x0000000710f1e910}: java.lang.invoke.DirectMethodHandle$Holder.invokeInterface(Ljava/lang/Object;Ljava/lang/Object;Ljava/lang/Object;Ljava/lang/Object;)V> (0x0000000710f1e910) thrown at [./open/src/hotspot/share
Event: 1.235 Thread 0x000001be1ab12800 Exception <a 'java/lang/NoClassDefFoundError'{0x00000007119dd8f8}: org/flywaydb/core/Flyway> (0x00000007119dd8f8) thrown at [./open/src/hotspot/share/classfile/systemDictionary.cpp, line 215]
Event: 1.235 Thread 0x000001be1ab12800 Exception <a 'java/lang/NoClassDefFoundError'{0x00000007119e1c28}: liquibase/integration/spring/SpringLiquibase> (0x00000007119e1c28) thrown at [./open/src/hotspot/share/classfile/systemDictionary.cpp, line 215]
Event: 1.257 Thread 0x000001be1ab12800 Exception <a 'java/lang/NoSuchMethodError'{0x00000007117f2140}: java.lang.invoke.DirectMethodHandle$Holder.invokeSpecial(Ljava/lang/Object;Ljava/lang/Object;Ljava/lang/Object;Ljava/lang/Object;Ljava/lang/Object;Ljava/lang/Object;)V> (0x00000007117f2140) t

Events (10 events):
Event: 1.256 loading class org/aopalliance/intercept/Interceptor
Event: 1.256 loading class org/aopalliance/intercept/Interceptor done
Event: 1.256 loading class org/aopalliance/aop/Advice
Event: 1.256 loading class org/aopalliance/aop/Advice done
Event: 1.257 loading class org/springframework/aop/framework/adapter/AfterReturningAdviceAdapter
Event: 1.257 loading class org/springframework/aop/framework/adapter/AfterReturningAdviceAdapter done
Event: 1.257 loading class org/springframework/aop/framework/adapter/ThrowsAdviceAdapter
Event: 1.257 loading class org/springframework/aop/framework/adapter/ThrowsAdviceAdapter done
Event: 1.257 loading class org/springframework/beans/factory/annotation/InitDestroyAnnotationBeanPostProcessor
Event: 1.257 loading class org/springframework/beans/factory/annotation/InitDestroyAnnotationBeanPostProcessor done


Dynamic libraries:
0x00007ff6de510000 - 0x00007ff6de51f000 	C:\Program Files\Java\jdk-11.0.15.1\bin\java.exe
0x00007ffe50a60000 - 0x00007ffe50c67000 	C:\Windows\SYSTEM32\ntdll.dll
0x00007ffe4fd80000 - 0x00007ffe4fe3d000 	C:\Windows\System32\KERNEL32.DLL
0x00007ffe4e210000 - 0x00007ffe4e582000 	C:\Windows\System32\KERNELBASE.dll
0x00007ffe4e5c0000 - 0x00007ffe4e6d1000 	C:\Windows\System32\ucrtbase.dll
0x00007ffe27250000 - 0x00007ffe27268000 	C:\Program Files\Java\jdk-11.0.15.1\bin\jli.dll
0x00007ffe27270000 - 0x00007ffe27285000 	C:\Program Files\Java\jdk-11.0.15.1\bin\VCRUNTIME140.dll
0x00007ffe4f810000 - 0x00007ffe4f8bc000 	C:\Windows\System32\ADVAPI32.dll
0x00007ffe4ead0000 - 0x00007ffe4eb73000 	C:\Windows\System32\msvcrt.dll
0x00007ffe50900000 - 0x00007ffe5099d000 	C:\Windows\System32\sechost.dll
0x00007ffe4f0c0000 - 0x00007ffe4f1e1000 	C:\Windows\System32\RPCRT4.dll
0x00007ffe4f5a0000 - 0x00007ffe4f74c000 	C:\Windows\System32\USER32.dll
0x00007ffe4e590000 - 0x00007ffe4e5b6000 	C:\Windows\System32\win32u.dll
0x00007ffe4f7e0000 - 0x00007ffe4f809000 	C:\Windows\System32\GDI32.dll
0x00007ffe4e0f0000 - 0x00007ffe4e202000 	C:\Windows\System32\gdi32full.dll
0x00007ffe328c0000 - 0x00007ffe32b65000 	C:\Windows\WinSxS\amd64_microsoft.windows.common-controls_6595b64144ccf1df_6.0.21996.1_none_7d6b053978bcd706\COMCTL32.dll
0x00007ffe4e6e0000 - 0x00007ffe4e77d000 	C:\Windows\System32\msvcp_win.dll
0x00007ffe47830000 - 0x00007ffe4783a000 	C:\Windows\SYSTEM32\VERSION.dll
0x00007ffe4fc50000 - 0x00007ffe4fc81000 	C:\Windows\System32\IMM32.DLL
0x00007ffe19810000 - 0x00007ffe198ab000 	C:\Program Files\Java\jdk-11.0.15.1\bin\msvcp140.dll
0x00007ffdfe550000 - 0x00007ffdff066000 	C:\Program Files\Java\jdk-11.0.15.1\bin\server\jvm.dll
0x00007ffe505c0000 - 0x00007ffe505c8000 	C:\Windows\System32\PSAPI.DLL
0x00007ffe49410000 - 0x00007ffe49419000 	C:\Windows\SYSTEM32\WSOCK32.dll
0x00007ffe4eb80000 - 0x00007ffe4ebef000 	C:\Windows\System32\WS2_32.dll
0x00007ffe43ff0000 - 0x00007ffe44023000 	C:\Windows\SYSTEM32\WINMM.dll
0x00007ffe4d1a0000 - 0x00007ffe4d1b7000 	C:\Windows\SYSTEM32\kernel.appcore.dll
0x00007ffe3f620000 - 0x00007ffe3f630000 	C:\Program Files\Java\jdk-11.0.15.1\bin\verify.dll
0x00007ffe43460000 - 0x00007ffe43681000 	C:\Windows\SYSTEM32\DBGHELP.DLL
0x00007ffe43420000 - 0x00007ffe43451000 	C:\Windows\SYSTEM32\dbgcore.DLL
0x00007ffe4e8b0000 - 0x00007ffe4e930000 	C:\Windows\System32\bcryptPrimitives.dll
0x00007ffe271c0000 - 0x00007ffe271e8000 	C:\Program Files\Java\jdk-11.0.15.1\bin\java.dll
0x00007ffe3f410000 - 0x00007ffe3f41a000 	C:\Program Files\Java\jdk-11.0.15.1\bin\jimage.dll
0x00007ffe4aaf0000 - 0x00007ffe4aafe000 	C:\Program Files\Java\jdk-11.0.15.1\bin\instrument.dll
0x00007ffe26e00000 - 0x00007ffe26e16000 	C:\Program Files\Java\jdk-11.0.15.1\bin\zip.dll
0x00007ffe4fe40000 - 0x00007ffe505a9000 	C:\Windows\System32\SHELL32.dll
0x00007ffe4c150000 - 0x00007ffe4c9a8000 	C:\Windows\SYSTEM32\windows.storage.dll
0x00007ffe4f1f0000 - 0x00007ffe4f565000 	C:\Windows\System32\combase.dll
0x00007ffe4bfe0000 - 0x00007ffe4c146000 	C:\Windows\SYSTEM32\wintypes.dll
0x00007ffe4fb00000 - 0x00007ffe4fbea000 	C:\Windows\System32\SHCORE.dll
0x00007ffe4fbf0000 - 0x00007ffe4fc4d000 	C:\Windows\System32\shlwapi.dll
0x00007ffe4deb0000 - 0x00007ffe4ded1000 	C:\Windows\SYSTEM32\profapi.dll
0x00007ffe23d30000 - 0x00007ffe23d49000 	C:\Program Files\Java\jdk-11.0.15.1\bin\net.dll
0x00007ffe49250000 - 0x00007ffe4935c000 	C:\Windows\SYSTEM32\WINHTTP.dll
0x00007ffe4d5b0000 - 0x00007ffe4d617000 	C:\Windows\system32\mswsock.dll
0x00007ffe1fcc0000 - 0x00007ffe1fcd2000 	C:\Program Files\Java\jdk-11.0.15.1\bin\nio.dll
0x00007ffe46950000 - 0x00007ffe4696a000 	C:\Program Files\JetBrains\IntelliJ IDEA Community Edition 2022.1.2\bin\breakgen64.dll
0x00007ffe49600000 - 0x00007ffe49609000 	C:\Program Files\Java\jdk-11.0.15.1\bin\management.dll
0x00007ffe495f0000 - 0x00007ffe495fb000 	C:\Program Files\Java\jdk-11.0.15.1\bin\management_ext.dll
0x00007ffe3ced0000 - 0x00007ffe3cee7000 	C:\Windows\system32\napinsp.dll
0x00007ffe3ceb0000 - 0x00007ffe3cecb000 	C:\Windows\system32\pnrpnsp.dll
0x00007ffe4cd10000 - 0x00007ffe4cdf5000 	C:\Windows\SYSTEM32\DNSAPI.dll
0x00007ffe4cce0000 - 0x00007ffe4cd0d000 	C:\Windows\SYSTEM32\IPHLPAPI.DLL
0x00007ffe4f930000 - 0x00007ffe4f939000 	C:\Windows\System32\NSI.dll
0x00007ffe3ce90000 - 0x00007ffe3cea2000 	C:\Windows\System32\winrnr.dll
0x00007ffe47970000 - 0x00007ffe47985000 	C:\Windows\system32\wshbth.dll
0x00007ffe3cd10000 - 0x00007ffe3cd2f000 	C:\Windows\system32\nlansp_c.dll
0x00007ffe46c40000 - 0x00007ffe46c4a000 	C:\Windows\System32\rasadhlp.dll
0x00007ffe47ad0000 - 0x00007ffe47b51000 	C:\Windows\System32\fwpuclnt.dll

dbghelp: loaded successfully - version: 4.0.5 - missing functions: none
symbol engine: initialized successfully - sym options: 0x614 - pdb path: .;C:\Program Files\Java\jdk-11.0.15.1\bin;C:\Windows\SYSTEM32;C:\Windows\WinSxS\amd64_microsoft.windows.common-controls_6595b64144ccf1df_6.0.21996.1_none_7d6b053978bcd706;C:\Program Files\Java\jdk-11.0.15.1\bin\server;C:\Program Files\JetBrains\IntelliJ IDEA Community Edition 2022.1.2\bin

VM Arguments:
jvm_args: -javaagent:C:\Program Files\JetBrains\IntelliJ IDEA Community Edition 2022.1.2\lib\idea_rt.jar=56824:C:\Program Files\JetBrains\IntelliJ IDEA Community Edition 2022.1.2\bin -Dfile.encoding=UTF-8 
java_command: hello.upload.UploadApplication
java_class_path (initial): C:\Users\Junsik\Desktop\upload\upload\out\production\classes;C:\Users\Junsik\Desktop\upload\upload\out\production\resources;C:\Users\Junsik\.gradle\caches\modules-2\files-2.1\org.springframework.boot\spring-boot-starter-thymeleaf\2.7.3\3dc30e21fe12e5ebc6beef56d1cb5d59fbc0b285\spring-boot-starter-thymeleaf-2.7.3.jar;C:\Users\Junsik\.gradle\caches\modules-2\files-2.1\org.springframework.boot\spring-boot-starter-web\2.7.3\9e36c7517c4f872b69d0665e1dd46bd6d83c43b7\spring-boot-starter-web-2.7.3.jar;C:\Users\Junsik\.gradle\caches\modules-2\files-2.1\org.springframework.boot\spring-boot-starter\2.7.3\6b0c093af667bf645cd5f49372e2a2540ae2855f\spring-boot-starter-2.7.3.jar;C:\Users\Junsik\.gradle\caches\modules-2\files-2.1\org.thymeleaf\thymeleaf-spring5\3.0.15.RELEASE\7170e1bcd1588d38c139f7048ebcc262676441c3\thymeleaf-spring5-3.0.15.RELEASE.jar;C:\Users\Junsik\.gradle\caches\modules-2\files-2.1\org.thymeleaf.extras\thymeleaf-extras-java8time\3.0.4.RELEASE\36e7175ddce36c486fff4578b5af7bb32f54f5df\thymeleaf-extras-java8time-3.0.4.RELEASE.jar;C:\Users\Junsik\.gradle\caches\modules-2\files-2.1\org.springframework.boot\spring-boot-starter-json\2.7.3\38c88404d68926aaf6c0914199e8c5e766946de2\spring-boot-starter-json-2.7.3.jar;C:\Users\Junsik\.gradle\caches\modules-2\files-2.1\org.springframework.boot\spring-boot-starter-tomcat\2.7.3\7a5998baaa05d5e7a9af7194a21f2ac3512ba7a0\spring-boot-starter-tomcat-2.7.3.jar;C:\Users\Junsik\.gradle\caches\modules-2\files-2.1\org.springframework\spring-webmvc\5.3.22\519d86b7ac9b8b6bb54739eb4eb73dc13a263b28\spring-webmvc-5.3.22.jar;C:\Users\Junsik\.gradle\caches\modules-2\files-2.1\org.springframework\spring-web\5.3.22\fdab9b8d8df2e6a8fb90f2481c361bcf2c129567\spring-web-5.3.22.jar;C:\Users\Junsik\.gradle\caches\modules-2\files-2.1\org.springframework.boot\spring-boot-autoconfigure\2.7.3\4c96169e8d71c9c41f07a40d011dbd41898180ac\spring-boot-autoconfigure-2.7.3.jar;C:\Users\Junsik\.gradle\caches\modules-2\files-2.1\org.sprin
Launcher Type: SUN_STANDARD

[Global flags]
     intx CICompilerCount                          = 4                                         {product} {ergonomic}
     uint ConcGCThreads                            = 3                                         {product} {ergonomic}
     uint G1ConcRefinementThreads                  = 10                                        {product} {ergonomic}
   size_t G1HeapRegionSize                         = 1048576                                   {product} {ergonomic}
    uintx GCDrainStackTargetSize                   = 64                                        {product} {ergonomic}
   size_t InitialHeapSize                          = 266338304                                 {product} {ergonomic}
   size_t MarkStackSize                            = 4194304                                   {product} {ergonomic}
   size_t MaxHeapSize                              = 4253024256                                {product} {ergonomic}
   size_t MaxNewSize                               = 2551185408                                {product} {ergonomic}
   size_t MinHeapDeltaBytes                        = 1048576                                   {product} {ergonomic}
    uintx NonNMethodCodeHeapSize                   = 5836300                                {pd product} {ergonomic}
    uintx NonProfiledCodeHeapSize                  = 122910970                              {pd product} {ergonomic}
    uintx ProfiledCodeHeapSize                     = 122910970                              {pd product} {ergonomic}
    uintx ReservedCodeCacheSize                    = 251658240                              {pd product} {ergonomic}
     bool SegmentedCodeCache                       = true                                      {product} {ergonomic}
     bool UseCompressedClassPointers               = true                                 {lp64_product} {ergonomic}
     bool UseCompressedOops                        = true                                 {lp64_product} {ergonomic}
     bool UseG1GC                                  = true                                      {product} {ergonomic}
     bool UseLargePagesIndividualAllocation        = false                                  {pd product} {ergonomic}

Logging:
Log output configuration:
 #0: stdout all=warning uptime,level,tags
 #1: stderr all=off uptime,level,tags

Environment Variables:
JAVA_HOME=C:\Program Files\Java\jdk-11.0.15.1
CLASSPATH=C:\Program Files\Java\jdk-11.0.15.1\lib
PATH=C:\Program Files\Common Files\Oracle\Java\javapath;C:\Windows\system32;C:\Windows;C:\Windows\System32\Wbem;C:\Windows\System32\WindowsPowerShell\v1.0\;C:\Windows\System32\OpenSSH\;C:\Program Files\Bandizip\;C:\Program Files\Java\jdk-11.0.15.1\lib;C:\Program Files\Git\cmd;%MAVEN_HOME%\bin;C:\Users\Junsik\AppData\Local\Microsoft\WindowsApps;
USERNAME=Junsik
OS=Windows_NT
PROCESSOR_IDENTIFIER=Intel64 Family 6 Model 167 Stepping 1, GenuineIntel



---------------  S Y S T E M  ---------------

OS: Windows 10 , 64 bit Build 21996 (10.0.21996.1)

CPU:total 12 (initial active 12) (6 cores per cpu, 2 threads per core) family 6 model 167 stepping 1 microcode 0x50, cmov, cx8, fxsr, mmx, sse, sse2, sse3, ssse3, sse4.1, sse4.2, popcnt, avx, avx2, aes, clmul, erms, 3dnowpref, lzcnt, ht, tsc, tscinvbit, bmi1, bmi2, adx, evex, sha, fma

Memory: 4k page, system-wide physical 16217M (5653M free)
TotalPageFile size 45949M (AvailPageFile size 5M)
current process WorkingSet (physical memory assigned to process): 157M, peak: 157M
current process commit charge ("private bytes"): 407M, peak: 408M

vm_info: Java HotSpot(TM) 64-Bit Server VM (11.0.15.1+2-LTS-10) for windows-amd64 JRE (11.0.15.1+2-LTS-10), built on Apr 25 2022 21:51:57 by "mach5one" with MS VC++ 15.9 (VS2017)

END.
